<?xml version="1.0" encoding="UTF-8" ?>
<testsuite failures="0" time="0.031" errors="0" skipped="0" tests="1" name="org.jboss.resteasy.examples.guice.hello.DefaultGreeterTest">
  <properties>
    <property name="java.runtime.name" value="Java(TM) SE Runtime Environment"/>
    <property name="sun.boot.library.path" value="c:\program files\jetbrains\intellij idea 10.5\jre\jre\bin"/>
    <property name="java.vm.version" value="17.0-b16"/>
    <property name="java.vm.vendor" value="Sun Microsystems Inc."/>
    <property name="java.vendor.url" value="http://java.sun.com/"/>
    <property name="path.separator" value=";"/>
    <property name="java.vm.name" value="Java HotSpot(TM) Client VM"/>
    <property name="file.encoding.pkg" value="sun.io"/>
    <property name="user.country" value="RU"/>
    <property name="sun.java.launcher" value="SUN_STANDARD"/>
    <property name="sun.os.patch.level" value="Service Pack 3"/>
    <property name="java.vm.specification.name" value="Java Virtual Machine Specification"/>
    <property name="user.dir" value="E:\Investigations\jBoss.org\RESTEasy\install\resteasy-jaxrs-2.2.2.GA-all\IDEA-Resteasy-examples\guice-hello"/>
    <property name="java.runtime.version" value="1.6.0_21-b06"/>
    <property name="java.awt.graphicsenv" value="sun.awt.Win32GraphicsEnvironment"/>
    <property name="basedir" value="E:\Investigations\jBoss.org\RESTEasy\install\resteasy-jaxrs-2.2.2.GA-all\IDEA-Resteasy-examples\guice-hello"/>
    <property name="java.endorsed.dirs" value="c:\program files\jetbrains\intellij idea 10.5\jre\jre\lib\endorsed"/>
    <property name="os.arch" value="x86"/>
    <property name="surefire.real.class.path" value="E:\Investigations\jBoss.org\RESTEasy\install\resteasy-jaxrs-2.2.2.GA-all\IDEA-Resteasy-examples\guice-hello\target\surefire\surefirebooter8710077460866022245.jar"/>
    <property name="java.io.tmpdir" value="C:\DOCUME~1\YAMBRO~1\LOCALS~1\Temp\"/>
    <property name="line.separator" value="
"/>
    <property name="java.vm.specification.vendor" value="Sun Microsystems Inc."/>
    <property name="user.variant" value=""/>
    <property name="os.name" value="Windows XP"/>
    <property name="sun.jnu.encoding" value="Cp1251"/>
    <property name="java.library.path" value="c:\program files\jetbrains\intellij idea 10.5\jre\jre\bin;.;C:\WINDOWS\Sun\Java\bin;C:\WINDOWS\system32;C:\WINDOWS;C:\Program Files\JetBrains\IntelliJ IDEA 10.5\bin\..\.\bin;e:\Investigations\git\msysgit@code.google.com-p-msysgit\PortableGit-1.7.4-preview20110204\bin;d:\app\getgnuwin32.sourceforge.net\0.6.3\GetGnuWin32\gnuwin32\bin\;C:\Program Files\CollabNet\Subversion Client;D:\oracle\product\10.2.0\client_1\bin;C:\WINDOWS\system32;C:\WINDOWS;C:\WINDOWS\System32\Wbem;C:\Program Files\Rational\ClearCase\bin;C:\Program Files\Rational\common;C:\WINDOWS\system32\WindowsPowerShell\v1.0;C:\Program Files\Autodesk\Backburner\;C:\Program Files\Common Files\Autodesk Shared\;C:\Program Files\IDM Computer Solutions\UltraEdit\;C:\Program Files\IDM Computer Solutions\UltraCompare\;E:/Working_folder/DB_working/DB_MANAGER_11/external/tools/bin;E:/Working_folder/DB_working/DB_MANAGER_11/external/tools/lib;E:/Working_folder/DB_working/DB_MANAGER_11/external/tools/libexec;C:\Program Files\QuickTime\QTSystem\;C:\Program Files\IDM Computer Solutions\UltraEdit\;C:\Program Files\IDM Computer Solutions\UltraCompare\;c:\program files\jetbrains\intellij idea 10.5\jre\jre\bin"/>
    <property name="surefire.test.class.path" value="E:\Investigations\jBoss.org\RESTEasy\install\resteasy-jaxrs-2.2.2.GA-all\IDEA-Resteasy-examples\guice-hello\target\test-classes;E:\Investigations\jBoss.org\RESTEasy\install\resteasy-jaxrs-2.2.2.GA-all\IDEA-Resteasy-examples\guice-hello\target\classes;C:\Documents and Settings\yambrosov\.m2\repository\org\jboss\resteasy\resteasy-guice\2.2.2.GA\resteasy-guice-2.2.2.GA.jar;C:\Documents and Settings\yambrosov\.m2\repository\com\google\code\guice\guice\2.0\guice-2.0.jar;C:\Documents and Settings\yambrosov\.m2\repository\org\jboss\resteasy\resteasy-jaxrs\2.2.2.GA\resteasy-jaxrs-2.2.2.GA.jar;C:\Documents and Settings\yambrosov\.m2\repository\org\jboss\resteasy\jaxrs-api\2.2.2.GA\jaxrs-api-2.2.2.GA.jar;C:\Documents and Settings\yambrosov\.m2\repository\org\scannotation\scannotation\1.0.3\scannotation-1.0.3.jar;C:\Documents and Settings\yambrosov\.m2\repository\javassist\javassist\3.12.1.GA\javassist-3.12.1.GA.jar;C:\Documents and Settings\yambrosov\.m2\repository\javax\annotation\jsr250-api\1.0\jsr250-api-1.0.jar;C:\Documents and Settings\yambrosov\.m2\repository\javax\activation\activation\1.1\activation-1.1.jar;C:\Documents and Settings\yambrosov\.m2\repository\commons-httpclient\commons-httpclient\3.1\commons-httpclient-3.1.jar;C:\Documents and Settings\yambrosov\.m2\repository\commons-logging\commons-logging\1.0.4\commons-logging-1.0.4.jar;C:\Documents and Settings\yambrosov\.m2\repository\commons-codec\commons-codec\1.2\commons-codec-1.2.jar;C:\Documents and Settings\yambrosov\.m2\repository\org\apache\httpcomponents\httpclient\4.0.3\httpclient-4.0.3.jar;C:\Documents and Settings\yambrosov\.m2\repository\org\apache\httpcomponents\httpcore\4.0.1\httpcore-4.0.1.jar;C:\Documents and Settings\yambrosov\.m2\repository\net\jcip\jcip-annotations\1.0\jcip-annotations-1.0.jar;C:\Documents and Settings\yambrosov\.m2\repository\junit\junit\4.1\junit-4.1.jar;"/>
    <property name="java.specification.name" value="Java Platform API Specification"/>
    <property name="java.class.version" value="50.0"/>
    <property name="sun.management.compiler" value="HotSpot Client Compiler"/>
    <property name="os.version" value="5.1"/>
    <property name="user.home" value="C:\Documents and Settings\yambrosov"/>
    <property name="user.timezone" value=""/>
    <property name="java.awt.printerjob" value="sun.awt.windows.WPrinterJob"/>
    <property name="java.specification.version" value="1.6"/>
    <property name="file.encoding" value="Cp1251"/>
    <property name="user.name" value="yambrosov"/>
    <property name="java.class.path" value="E:\Investigations\jBoss.org\RESTEasy\install\resteasy-jaxrs-2.2.2.GA-all\IDEA-Resteasy-examples\guice-hello\target\test-classes;E:\Investigations\jBoss.org\RESTEasy\install\resteasy-jaxrs-2.2.2.GA-all\IDEA-Resteasy-examples\guice-hello\target\classes;C:\Documents and Settings\yambrosov\.m2\repository\org\jboss\resteasy\resteasy-guice\2.2.2.GA\resteasy-guice-2.2.2.GA.jar;C:\Documents and Settings\yambrosov\.m2\repository\com\google\code\guice\guice\2.0\guice-2.0.jar;C:\Documents and Settings\yambrosov\.m2\repository\org\jboss\resteasy\resteasy-jaxrs\2.2.2.GA\resteasy-jaxrs-2.2.2.GA.jar;C:\Documents and Settings\yambrosov\.m2\repository\org\jboss\resteasy\jaxrs-api\2.2.2.GA\jaxrs-api-2.2.2.GA.jar;C:\Documents and Settings\yambrosov\.m2\repository\org\scannotation\scannotation\1.0.3\scannotation-1.0.3.jar;C:\Documents and Settings\yambrosov\.m2\repository\javassist\javassist\3.12.1.GA\javassist-3.12.1.GA.jar;C:\Documents and Settings\yambrosov\.m2\repository\javax\annotation\jsr250-api\1.0\jsr250-api-1.0.jar;C:\Documents and Settings\yambrosov\.m2\repository\javax\activation\activation\1.1\activation-1.1.jar;C:\Documents and Settings\yambrosov\.m2\repository\commons-httpclient\commons-httpclient\3.1\commons-httpclient-3.1.jar;C:\Documents and Settings\yambrosov\.m2\repository\commons-logging\commons-logging\1.0.4\commons-logging-1.0.4.jar;C:\Documents and Settings\yambrosov\.m2\repository\commons-codec\commons-codec\1.2\commons-codec-1.2.jar;C:\Documents and Settings\yambrosov\.m2\repository\org\apache\httpcomponents\httpclient\4.0.3\httpclient-4.0.3.jar;C:\Documents and Settings\yambrosov\.m2\repository\org\apache\httpcomponents\httpcore\4.0.1\httpcore-4.0.1.jar;C:\Documents and Settings\yambrosov\.m2\repository\net\jcip\jcip-annotations\1.0\jcip-annotations-1.0.jar;C:\Documents and Settings\yambrosov\.m2\repository\junit\junit\4.1\junit-4.1.jar;"/>
    <property name="java.vm.specification.version" value="1.0"/>
    <property name="sun.arch.data.model" value="32"/>
    <property name="java.home" value="c:\program files\jetbrains\intellij idea 10.5\jre\jre"/>
    <property name="java.specification.vendor" value="Sun Microsystems Inc."/>
    <property name="user.language" value="ru"/>
    <property name="awt.toolkit" value="sun.awt.windows.WToolkit"/>
    <property name="java.vm.info" value="mixed mode, sharing"/>
    <property name="java.version" value="1.6.0_21"/>
    <property name="java.ext.dirs" value="c:\program files\jetbrains\intellij idea 10.5\jre\jre\lib\ext;C:\WINDOWS\Sun\Java\lib\ext"/>
    <property name="sun.boot.class.path" value="c:\program files\jetbrains\intellij idea 10.5\jre\jre\lib\resources.jar;c:\program files\jetbrains\intellij idea 10.5\jre\jre\lib\rt.jar;c:\program files\jetbrains\intellij idea 10.5\jre\jre\lib\sunrsasign.jar;c:\program files\jetbrains\intellij idea 10.5\jre\jre\lib\jsse.jar;c:\program files\jetbrains\intellij idea 10.5\jre\jre\lib\jce.jar;c:\program files\jetbrains\intellij idea 10.5\jre\jre\lib\charsets.jar;c:\program files\jetbrains\intellij idea 10.5\jre\jre\classes"/>
    <property name="java.vendor" value="Sun Microsystems Inc."/>
    <property name="localRepository" value="C:\Documents and Settings\yambrosov\.m2\repository"/>
    <property name="file.separator" value="\"/>
    <property name="java.vendor.url.bug" value="http://java.sun.com/cgi-bin/bugreport.cgi"/>
    <property name="sun.cpu.endian" value="little"/>
    <property name="sun.io.unicode.encoding" value="UnicodeLittle"/>
    <property name="sun.desktop" value="windows"/>
    <property name="sun.cpu.isalist" value="pentium_pro+mmx pentium_pro pentium+mmx pentium i486 i386 i86"/>
  </properties>
  <testcase time="0.016" classname="org.jboss.resteasy.examples.guice.hello.DefaultGreeterTest" name="testGreet"/>
</testsuite>